<?xml version="1.0" encoding="UTF-8"?>
<coverage generated="1725092836910" clover="3.2.0">
  <project timestamp="1725092836910" name="All files">
    <metrics statements="94" coveredstatements="91" conditionals="30" coveredconditionals="29" methods="6" coveredmethods="5" elements="130" coveredelements="125" complexity="0" loc="94" ncloc="94" packages="1" files="4" classes="4"/>
    <file name="Calculator.jsx" path="C:\Users\Marta\Documents\Cursos\React\tdd-react\src\Calculator.jsx">
      <metrics statements="40" coveredstatements="40" conditionals="7" coveredconditionals="7" methods="3" coveredmethods="3"/>
      <line num="1" count="1" type="stmt"/>
      <line num="2" count="1" type="stmt"/>
      <line num="4" count="1" type="stmt"/>
      <line num="5" count="1" type="stmt"/>
      <line num="6" count="1" type="stmt"/>
      <line num="7" count="1" type="stmt"/>
      <line num="8" count="1" type="stmt"/>
      <line num="9" count="1" type="stmt"/>
      <line num="10" count="1" type="stmt"/>
      <line num="12" count="1" type="stmt"/>
      <line num="13" count="1" type="stmt"/>
      <line num="15" count="1" type="cond" truecount="1" falsecount="0"/>
      <line num="17" count="30" type="stmt"/>
      <line num="19" count="30" type="cond" truecount="2" falsecount="0"/>
      <line num="20" count="30" type="cond" truecount="1" falsecount="0"/>
      <line num="21" count="3" type="stmt"/>
      <line num="22" count="3" type="stmt"/>
      <line num="23" count="3" type="stmt"/>
      <line num="24" count="3" type="stmt"/>
      <line num="26" count="30" type="stmt"/>
      <line num="27" count="30" type="stmt"/>
      <line num="28" count="30" type="stmt"/>
      <line num="29" count="30" type="stmt"/>
      <line num="30" count="30" type="stmt"/>
      <line num="32" count="30" type="cond" truecount="1" falsecount="0"/>
      <line num="33" count="120" type="stmt"/>
      <line num="35" count="120" type="cond" truecount="1" falsecount="0"/>
      <line num="37" count="300" type="stmt"/>
      <line num="38" count="300" type="stmt"/>
      <line num="39" count="300" type="stmt"/>
      <line num="41" count="120" type="stmt"/>
      <line num="42" count="120" type="stmt"/>
      <line num="43" count="30" type="stmt"/>
      <line num="47" count="30" type="cond" truecount="1" falsecount="0"/>
      <line num="48" count="120" type="stmt"/>
      <line num="49" count="30" type="stmt"/>
      <line num="52" count="30" type="stmt"/>
      <line num="53" count="30" type="stmt"/>
      <line num="54" count="30" type="stmt"/>
      <line num="56" count="30" type="stmt"/>
    </file>
    <file name="canReconfigure.js" path="C:\Users\Marta\Documents\Cursos\React\tdd-react\src\canReconfigure.js">
      <metrics statements="23" coveredstatements="23" conditionals="13" coveredconditionals="13" methods="1" coveredmethods="1"/>
      <line num="1" count="1" type="cond" truecount="1" falsecount="0"/>
      <line num="2" count="9" type="cond" truecount="1" falsecount="0"/>
      <line num="3" count="9" type="cond" truecount="2" falsecount="0"/>
      <line num="4" count="6" type="cond" truecount="1" falsecount="0"/>
      <line num="5" count="6" type="stmt"/>
      <line num="6" count="9" type="cond" truecount="1" falsecount="0"/>
      <line num="7" count="4" type="cond" truecount="1" falsecount="0"/>
      <line num="8" count="4" type="stmt"/>
      <line num="9" count="9" type="cond" truecount="1" falsecount="0"/>
      <line num="10" count="3" type="cond" truecount="1" falsecount="0"/>
      <line num="11" count="3" type="stmt"/>
      <line num="12" count="9" type="stmt"/>
      <line num="13" count="9" type="stmt"/>
      <line num="14" count="9" type="stmt"/>
      <line num="15" count="9" type="stmt"/>
      <line num="16" count="9" type="stmt"/>
      <line num="17" count="9" type="cond" truecount="2" falsecount="0"/>
      <line num="18" count="8" type="cond" truecount="1" falsecount="0"/>
      <line num="19" count="8" type="stmt"/>
      <line num="20" count="8" type="stmt"/>
      <line num="21" count="2" type="cond" truecount="1" falsecount="0"/>
      <line num="22" count="2" type="stmt"/>
      <line num="23" count="2" type="stmt"/>
    </file>
    <file name="fizzbuzz.js" path="C:\Users\Marta\Documents\Cursos\React\tdd-react\src\fizzbuzz.js">
      <metrics statements="28" coveredstatements="28" conditionals="9" coveredconditionals="9" methods="1" coveredmethods="1"/>
      <line num="1" count="1" type="stmt"/>
      <line num="2" count="1" type="stmt"/>
      <line num="3" count="1" type="stmt"/>
      <line num="4" count="1" type="stmt"/>
      <line num="5" count="1" type="stmt"/>
      <line num="6" count="1" type="stmt"/>
      <line num="7" count="1" type="stmt"/>
      <line num="8" count="1" type="stmt"/>
      <line num="9" count="1" type="cond" truecount="1" falsecount="0"/>
      <line num="10" count="13" type="cond" truecount="1" falsecount="0"/>
      <line num="11" count="13" type="cond" truecount="2" falsecount="0"/>
      <line num="12" count="10" type="cond" truecount="1" falsecount="0"/>
      <line num="13" count="10" type="stmt"/>
      <line num="14" count="10" type="stmt"/>
      <line num="15" count="10" type="stmt"/>
      <line num="16" count="10" type="stmt"/>
      <line num="17" count="10" type="stmt"/>
      <line num="18" count="10" type="stmt"/>
      <line num="19" count="10" type="stmt"/>
      <line num="20" count="10" type="stmt"/>
      <line num="21" count="10" type="stmt"/>
      <line num="22" count="10" type="cond" truecount="1" falsecount="0"/>
      <line num="23" count="20" type="cond" truecount="1" falsecount="0"/>
      <line num="24" count="10" type="stmt"/>
      <line num="25" count="10" type="stmt"/>
      <line num="26" count="10" type="stmt"/>
      <line num="27" count="13" type="cond" truecount="2" falsecount="0"/>
      <line num="28" count="13" type="stmt"/>
    </file>
    <file name="main.jsx" path="C:\Users\Marta\Documents\Cursos\React\tdd-react\src\main.jsx">
      <metrics statements="3" coveredstatements="0" conditionals="1" coveredconditionals="0" methods="1" coveredmethods="0"/>
      <line num="1" count="0" type="cond" truecount="0" falsecount="1"/>
      <line num="2" count="0" type="stmt"/>
      <line num="4" count="0" type="stmt"/>
    </file>
  </project>
</coverage>
