{"C:\\Users\\Marta\\Documents\\Cursos\\React\\tdd-react\\src\\Calculator.jsx": {"path":"C:\\Users\\Marta\\Documents\\Cursos\\React\\tdd-react\\src\\Calculator.jsx","all":false,"statementMap":{"0":{"start":{"line":1,"column":0},"end":{"line":1,"column":32}},"1":{"start":{"line":2,"column":0},"end":{"line":2,"column":33}},"3":{"start":{"line":4,"column":0},"end":{"line":4,"column":53}},"4":{"start":{"line":5,"column":0},"end":{"line":5,"column":14}},"5":{"start":{"line":6,"column":0},"end":{"line":6,"column":12}},"6":{"start":{"line":7,"column":0},"end":{"line":7,"column":12}},"7":{"start":{"line":8,"column":0},"end":{"line":8,"column":12}},"8":{"start":{"line":9,"column":0},"end":{"line":9,"column":5}},"9":{"start":{"line":10,"column":0},"end":{"line":10,"column":1}},"11":{"start":{"line":12,"column":0},"end":{"line":12,"column":46}},"12":{"start":{"line":13,"column":0},"end":{"line":13,"column":21}},"14":{"start":{"line":15,"column":0},"end":{"line":15,"column":33}},"16":{"start":{"line":17,"column":0},"end":{"line":17,"column":40}},"18":{"start":{"line":19,"column":0},"end":{"line":19,"column":66}},"19":{"start":{"line":20,"column":0},"end":{"line":20,"column":35}},"20":{"start":{"line":21,"column":0},"end":{"line":21,"column":43}},"21":{"start":{"line":22,"column":0},"end":{"line":22,"column":22}},"22":{"start":{"line":23,"column":0},"end":{"line":23,"column":34}},"23":{"start":{"line":24,"column":0},"end":{"line":24,"column":3}},"25":{"start":{"line":26,"column":0},"end":{"line":26,"column":10}},"26":{"start":{"line":27,"column":0},"end":{"line":27,"column":9}},"27":{"start":{"line":28,"column":0},"end":{"line":28,"column":25}},"28":{"start":{"line":29,"column":0},"end":{"line":29,"column":50}},"29":{"start":{"line":30,"column":0},"end":{"line":30,"column":23}},"31":{"start":{"line":32,"column":0},"end":{"line":32,"column":34}},"32":{"start":{"line":33,"column":0},"end":{"line":33,"column":38}},"34":{"start":{"line":35,"column":0},"end":{"line":35,"column":34}},"36":{"start":{"line":37,"column":0},"end":{"line":37,"column":77}},"37":{"start":{"line":38,"column":0},"end":{"line":38,"column":30}},"38":{"start":{"line":39,"column":0},"end":{"line":39,"column":29}},"40":{"start":{"line":41,"column":0},"end":{"line":41,"column":16}},"41":{"start":{"line":42,"column":0},"end":{"line":42,"column":18}},"42":{"start":{"line":43,"column":0},"end":{"line":43,"column":12}},"46":{"start":{"line":47,"column":0},"end":{"line":47,"column":39}},"47":{"start":{"line":48,"column":0},"end":{"line":48,"column":95}},"48":{"start":{"line":49,"column":0},"end":{"line":49,"column":12}},"51":{"start":{"line":52,"column":0},"end":{"line":52,"column":64}},"52":{"start":{"line":53,"column":0},"end":{"line":53,"column":12}},"53":{"start":{"line":54,"column":0},"end":{"line":54,"column":10}},"55":{"start":{"line":56,"column":0},"end":{"line":56,"column":1}}},"s":{"0":1,"1":1,"3":1,"4":1,"5":1,"6":1,"7":1,"8":1,"9":1,"11":1,"12":1,"14":1,"16":30,"18":30,"19":30,"20":3,"21":3,"22":3,"23":3,"25":30,"26":30,"27":30,"28":30,"29":30,"31":30,"32":120,"34":120,"36":300,"37":300,"38":300,"40":120,"41":120,"42":30,"46":30,"47":120,"48":30,"51":30,"52":30,"53":30,"55":30},"branchMap":{"0":{"type":"branch","line":15,"loc":{"start":{"line":15,"column":26},"end":{"line":56,"column":1}},"locations":[{"start":{"line":15,"column":26},"end":{"line":56,"column":1}}]},"1":{"type":"branch","line":19,"loc":{"start":{"line":19,"column":28},"end":{"line":19,"column":66}},"locations":[{"start":{"line":19,"column":28},"end":{"line":19,"column":66}}]},"2":{"type":"branch","line":19,"loc":{"start":{"line":19,"column":34},"end":{"line":19,"column":66}},"locations":[{"start":{"line":19,"column":34},"end":{"line":19,"column":66}}]},"3":{"type":"branch","line":20,"loc":{"start":{"line":20,"column":28},"end":{"line":24,"column":3}},"locations":[{"start":{"line":20,"column":28},"end":{"line":24,"column":3}}]},"4":{"type":"branch","line":32,"loc":{"start":{"line":32,"column":19},"end":{"line":42,"column":18}},"locations":[{"start":{"line":32,"column":19},"end":{"line":42,"column":18}}]},"5":{"type":"branch","line":35,"loc":{"start":{"line":35,"column":24},"end":{"line":39,"column":29}},"locations":[{"start":{"line":35,"column":24},"end":{"line":39,"column":29}}]},"6":{"type":"branch","line":47,"loc":{"start":{"line":47,"column":25},"end":{"line":48,"column":95}},"locations":[{"start":{"line":47,"column":25},"end":{"line":48,"column":95}}]}},"b":{"0":[30],"1":[420],"2":[15],"3":[3],"4":[120],"5":[300],"6":[120]},"fnMap":{"0":{"name":"Calculator","decl":{"start":{"line":15,"column":26},"end":{"line":56,"column":1}},"loc":{"start":{"line":15,"column":26},"end":{"line":56,"column":1}},"line":15},"1":{"name":"createHandleClick","decl":{"start":{"line":19,"column":28},"end":{"line":19,"column":66}},"loc":{"start":{"line":19,"column":28},"end":{"line":19,"column":66}},"line":19},"2":{"name":"createHandleEqual","decl":{"start":{"line":20,"column":28},"end":{"line":24,"column":3}},"loc":{"start":{"line":20,"column":28},"end":{"line":24,"column":3}},"line":20}},"f":{"0":30,"1":420,"2":3}}
,"C:\\Users\\Marta\\Documents\\Cursos\\React\\tdd-react\\src\\canReconfigure.js": {"path":"C:\\Users\\Marta\\Documents\\Cursos\\React\\tdd-react\\src\\canReconfigure.js","all":false,"statementMap":{"0":{"start":{"line":1,"column":0},"end":{"line":1,"column":45}},"1":{"start":{"line":2,"column":0},"end":{"line":2,"column":70}},"2":{"start":{"line":3,"column":0},"end":{"line":3,"column":66}},"3":{"start":{"line":4,"column":0},"end":{"line":4,"column":0}},"4":{"start":{"line":5,"column":0},"end":{"line":5,"column":48}},"5":{"start":{"line":6,"column":0},"end":{"line":6,"column":32}},"6":{"start":{"line":7,"column":0},"end":{"line":7,"column":0}},"7":{"start":{"line":8,"column":0},"end":{"line":8,"column":70}},"8":{"start":{"line":9,"column":0},"end":{"line":9,"column":40}},"9":{"start":{"line":10,"column":0},"end":{"line":10,"column":0}},"10":{"start":{"line":11,"column":0},"end":{"line":11,"column":28}},"11":{"start":{"line":12,"column":0},"end":{"line":12,"column":35}},"12":{"start":{"line":13,"column":0},"end":{"line":13,"column":30}},"13":{"start":{"line":14,"column":0},"end":{"line":14,"column":26}},"14":{"start":{"line":15,"column":0},"end":{"line":15,"column":0}},"15":{"start":{"line":16,"column":0},"end":{"line":16,"column":52}},"16":{"start":{"line":17,"column":0},"end":{"line":17,"column":62}},"17":{"start":{"line":18,"column":0},"end":{"line":18,"column":0}},"18":{"start":{"line":19,"column":0},"end":{"line":19,"column":42}},"19":{"start":{"line":20,"column":0},"end":{"line":20,"column":3}},"20":{"start":{"line":21,"column":0},"end":{"line":21,"column":0}},"21":{"start":{"line":22,"column":0},"end":{"line":22,"column":13}},"22":{"start":{"line":23,"column":0},"end":{"line":23,"column":1}}},"s":{"0":1,"1":9,"2":9,"3":6,"4":6,"5":9,"6":4,"7":4,"8":9,"9":3,"10":3,"11":9,"12":9,"13":9,"14":9,"15":9,"16":9,"17":8,"18":8,"19":8,"20":2,"21":2,"22":2},"branchMap":{"0":{"type":"branch","line":1,"loc":{"start":{"line":1,"column":30},"end":{"line":23,"column":1}},"locations":[{"start":{"line":1,"column":30},"end":{"line":23,"column":1}}]},"1":{"type":"branch","line":2,"loc":{"start":{"line":2,"column":31},"end":{"line":2,"column":70}},"locations":[{"start":{"line":2,"column":31},"end":{"line":2,"column":70}}]},"2":{"type":"branch","line":3,"loc":{"start":{"line":3,"column":-2},"end":{"line":3,"column":29}},"locations":[{"start":{"line":3,"column":-2},"end":{"line":3,"column":29}}]},"3":{"type":"branch","line":3,"loc":{"start":{"line":3,"column":29},"end":{"line":3,"column":66}},"locations":[{"start":{"line":3,"column":29},"end":{"line":3,"column":66}}]},"4":{"type":"branch","line":4,"loc":{"start":{"line":4,"column":-2},"end":{"line":6,"column":20}},"locations":[{"start":{"line":4,"column":-2},"end":{"line":6,"column":20}}]},"5":{"type":"branch","line":6,"loc":{"start":{"line":6,"column":20},"end":{"line":6,"column":32}},"locations":[{"start":{"line":6,"column":20},"end":{"line":6,"column":32}}]},"6":{"type":"branch","line":7,"loc":{"start":{"line":7,"column":-2},"end":{"line":9,"column":28}},"locations":[{"start":{"line":7,"column":-2},"end":{"line":9,"column":28}}]},"7":{"type":"branch","line":9,"loc":{"start":{"line":9,"column":28},"end":{"line":9,"column":40}},"locations":[{"start":{"line":9,"column":28},"end":{"line":9,"column":40}}]},"8":{"type":"branch","line":10,"loc":{"start":{"line":10,"column":-2},"end":{"line":12,"column":34}},"locations":[{"start":{"line":10,"column":-2},"end":{"line":12,"column":34}}]},"9":{"type":"branch","line":17,"loc":{"start":{"line":17,"column":20},"end":{"line":17,"column":48}},"locations":[{"start":{"line":17,"column":20},"end":{"line":17,"column":48}}]},"10":{"type":"branch","line":17,"loc":{"start":{"line":17,"column":50},"end":{"line":17,"column":62}},"locations":[{"start":{"line":17,"column":50},"end":{"line":17,"column":62}}]},"11":{"type":"branch","line":18,"loc":{"start":{"line":18,"column":-2},"end":{"line":20,"column":3}},"locations":[{"start":{"line":18,"column":-2},"end":{"line":20,"column":3}}]},"12":{"type":"branch","line":21,"loc":{"start":{"line":21,"column":-2},"end":{"line":23,"column":1}},"locations":[{"start":{"line":21,"column":-2},"end":{"line":23,"column":1}}]}},"b":{"0":[9],"1":[2],"2":[7],"3":[1],"4":[6],"5":[2],"6":[4],"7":[1],"8":[3],"9":[2],"10":[1],"11":[8],"12":[2]},"fnMap":{"0":{"name":"canReconfigure","decl":{"start":{"line":1,"column":30},"end":{"line":23,"column":1}},"loc":{"start":{"line":1,"column":30},"end":{"line":23,"column":1}},"line":1}},"f":{"0":9}}
,"C:\\Users\\Marta\\Documents\\Cursos\\React\\tdd-react\\src\\fizzbuzz.js": {"path":"C:\\Users\\Marta\\Documents\\Cursos\\React\\tdd-react\\src\\fizzbuzz.js","all":false,"statementMap":{"0":{"start":{"line":1,"column":0},"end":{"line":1,"column":3}},"1":{"start":{"line":2,"column":0},"end":{"line":2,"column":43}},"2":{"start":{"line":3,"column":0},"end":{"line":3,"column":42}},"3":{"start":{"line":4,"column":0},"end":{"line":4,"column":42}},"4":{"start":{"line":5,"column":0},"end":{"line":5,"column":57}},"5":{"start":{"line":6,"column":0},"end":{"line":6,"column":55}},"6":{"start":{"line":7,"column":0},"end":{"line":7,"column":3}},"7":{"start":{"line":8,"column":0},"end":{"line":8,"column":0}},"8":{"start":{"line":9,"column":0},"end":{"line":9,"column":37}},"9":{"start":{"line":10,"column":0},"end":{"line":10,"column":74}},"10":{"start":{"line":11,"column":0},"end":{"line":11,"column":68}},"11":{"start":{"line":12,"column":0},"end":{"line":12,"column":0}},"12":{"start":{"line":13,"column":0},"end":{"line":13,"column":22}},"13":{"start":{"line":14,"column":0},"end":{"line":14,"column":14}},"14":{"start":{"line":15,"column":0},"end":{"line":15,"column":13}},"15":{"start":{"line":16,"column":0},"end":{"line":16,"column":3}},"16":{"start":{"line":17,"column":0},"end":{"line":17,"column":2}},"17":{"start":{"line":18,"column":0},"end":{"line":18,"column":17}},"18":{"start":{"line":19,"column":0},"end":{"line":19,"column":0}},"19":{"start":{"line":20,"column":0},"end":{"line":20,"column":8}},"20":{"start":{"line":21,"column":0},"end":{"line":21,"column":24}},"21":{"start":{"line":22,"column":0},"end":{"line":22,"column":38}},"22":{"start":{"line":23,"column":0},"end":{"line":23,"column":50}},"23":{"start":{"line":24,"column":0},"end":{"line":24,"column":6}},"24":{"start":{"line":25,"column":0},"end":{"line":25,"column":0}},"25":{"start":{"line":26,"column":0},"end":{"line":26,"column":2}},"26":{"start":{"line":27,"column":0},"end":{"line":27,"column":40}},"27":{"start":{"line":28,"column":0},"end":{"line":28,"column":1}}},"s":{"0":1,"1":1,"2":1,"3":1,"4":1,"5":1,"6":1,"7":1,"8":1,"9":13,"10":13,"11":10,"12":10,"13":10,"14":10,"15":10,"16":10,"17":10,"18":10,"19":10,"20":10,"21":10,"22":20,"23":10,"24":10,"25":10,"26":13,"27":13},"branchMap":{"0":{"type":"branch","line":9,"loc":{"start":{"line":9,"column":24},"end":{"line":28,"column":1}},"locations":[{"start":{"line":9,"column":24},"end":{"line":28,"column":1}}]},"1":{"type":"branch","line":10,"loc":{"start":{"line":10,"column":33},"end":{"line":10,"column":74}},"locations":[{"start":{"line":10,"column":33},"end":{"line":10,"column":74}}]},"2":{"type":"branch","line":11,"loc":{"start":{"line":11,"column":-2},"end":{"line":11,"column":27}},"locations":[{"start":{"line":11,"column":-2},"end":{"line":11,"column":27}}]},"3":{"type":"branch","line":11,"loc":{"start":{"line":11,"column":27},"end":{"line":11,"column":68}},"locations":[{"start":{"line":11,"column":27},"end":{"line":11,"column":68}}]},"4":{"type":"branch","line":12,"loc":{"start":{"line":12,"column":-2},"end":{"line":27,"column":23}},"locations":[{"start":{"line":12,"column":-2},"end":{"line":27,"column":23}}]},"5":{"type":"branch","line":27,"loc":{"start":{"line":27,"column":23},"end":{"line":27,"column":31}},"locations":[{"start":{"line":27,"column":23},"end":{"line":27,"column":31}}]},"6":{"type":"branch","line":27,"loc":{"start":{"line":27,"column":32},"end":{"line":27,"column":40}},"locations":[{"start":{"line":27,"column":32},"end":{"line":27,"column":40}}]},"7":{"type":"branch","line":22,"loc":{"start":{"line":22,"column":13},"end":{"line":24,"column":5}},"locations":[{"start":{"line":22,"column":13},"end":{"line":24,"column":5}}]},"8":{"type":"branch","line":23,"loc":{"start":{"line":23,"column":36},"end":{"line":23,"column":50}},"locations":[{"start":{"line":23,"column":36},"end":{"line":23,"column":50}}]}},"b":{"0":[13],"1":[2],"2":[11],"3":[1],"4":[10],"5":[2],"6":[8],"7":[20],"8":[9]},"fnMap":{"0":{"name":"fizzbuzz","decl":{"start":{"line":9,"column":24},"end":{"line":28,"column":1}},"loc":{"start":{"line":9,"column":24},"end":{"line":28,"column":1}},"line":9}},"f":{"0":13}}
,"C:\\Users\\Marta\\Documents\\Cursos\\React\\tdd-react\\src\\main.jsx": {"path":"C:\\Users\\Marta\\Documents\\Cursos\\React\\tdd-react\\src\\main.jsx","all":true,"statementMap":{"0":{"start":{"line":1,"column":0},"end":{"line":1,"column":38}},"1":{"start":{"line":2,"column":0},"end":{"line":2,"column":41}},"3":{"start":{"line":4,"column":0},"end":{"line":4,"column":66}}},"s":{"0":0,"1":0,"3":0},"branchMap":{"0":{"type":"branch","line":1,"loc":{"start":{"line":1,"column":151},"end":{"line":4,"column":66}},"locations":[{"start":{"line":1,"column":151},"end":{"line":4,"column":66}}]}},"b":{"0":[0]},"fnMap":{"0":{"name":"(empty-report)","decl":{"start":{"line":1,"column":151},"end":{"line":4,"column":66}},"loc":{"start":{"line":1,"column":151},"end":{"line":4,"column":66}},"line":1}},"f":{"0":0}}
}
